[2020-08-29 15:17:21] development.ERROR: PDOException: SQLSTATE[42S02]: Base table or view not found: 1146 Table 'tastyignitor.ti_custom_users' doesn't exist in /var/www/tastyignitor/vendor/doctrine/dbal/lib/Doctrine/DBAL/Driver/PDOConnection.php:77
Stack trace:
#0 /var/www/tastyignitor/vendor/doctrine/dbal/lib/Doctrine/DBAL/Driver/PDOConnection.php(77): PDO->prepare()
#1 /var/www/tastyignitor/vendor/laravel/framework/src/Illuminate/Database/Connection.php(331): Doctrine\DBAL\Driver\PDOConnection->prepare()
#2 /var/www/tastyignitor/vendor/laravel/framework/src/Illuminate/Database/Connection.php(662): Illuminate\Database\Connection->Illuminate\Database\{closure}()
#3 /var/www/tastyignitor/vendor/laravel/framework/src/Illuminate/Database/Connection.php(629): Illuminate\Database\Connection->runQueryCallback()
#4 /var/www/tastyignitor/vendor/laravel/framework/src/Illuminate/Database/Connection.php(338): Illuminate\Database\Connection->run()
#5 /var/www/tastyignitor/vendor/laravel/framework/src/Illuminate/Database/Query/Builder.php(2149): Illuminate\Database\Connection->select()
#6 /var/www/tastyignitor/vendor/laravel/framework/src/Illuminate/Database/Query/Builder.php(2137): Illuminate\Database\Query\Builder->runSelect()
#7 /var/www/tastyignitor/vendor/laravel/framework/src/Illuminate/Database/Query/Builder.php(2609): Illuminate\Database\Query\Builder->Illuminate\Database\Query\{closure}()
#8 /var/www/tastyignitor/vendor/laravel/framework/src/Illuminate/Database/Query/Builder.php(2138): Illuminate\Database\Query\Builder->onceWithColumns()
#9 /var/www/tastyignitor/vendor/laravel/framework/src/Illuminate/Database/Eloquent/Builder.php(537): Illuminate\Database\Query\Builder->get()
#10 /var/www/tastyignitor/vendor/laravel/framework/src/Illuminate/Database/Eloquent/Builder.php(521): Illuminate\Database\Eloquent\Builder->getModels()
#11 /var/www/tastyignitor/vendor/laravel/framework/src/Illuminate/Database/Concerns/BuildsQueries.php(143): Illuminate\Database\Eloquent\Builder->get()
#12 /var/www/tastyignitor/app/main/traits/Validation.php(27): Illuminate\Database\Eloquent\Builder->first()
#13 /var/www/tastyignitor/app/main/controllers/Register.php(41): Main\Controllers\Register->createsubdomain_validation()
#14 /var/www/tastyignitor/vendor/laravel/framework/src/Illuminate/Routing/ControllerDispatcher.php(48): Main\Controllers\Register->subdomaincreate()
#15 /var/www/tastyignitor/vendor/laravel/framework/src/Illuminate/Routing/Route.php(219): Illuminate\Routing\ControllerDispatcher->dispatch()
#16 /var/www/tastyignitor/vendor/laravel/framework/src/Illuminate/Routing/Route.php(176): Illuminate\Routing\Route->runController()
#17 /var/www/tastyignitor/vendor/laravel/framework/src/Illuminate/Routing/Router.php(681): Illuminate\Routing\Route->run()
#18 /var/www/tastyignitor/vendor/laravel/framework/src/Illuminate/Pipeline/Pipeline.php(130): Illuminate\Routing\Router->Illuminate\Routing\{closure}()
#19 /var/www/tastyignitor/vendor/tastyigniter/flame/src/Currency/Middleware/CurrencyMiddleware.php(33): Illuminate\Pipeline\Pipeline->Illuminate\Pipeline\{closure}()
#20 /var/www/tastyignitor/vendor/laravel/framework/src/Illuminate/Pipeline/Pipeline.php(171): Igniter\Flame\Currency\Middleware\CurrencyMiddleware->handle()
#21 /var/www/tastyignitor/extensions/igniter/cart/middleware/CartMiddleware.php(10): Illuminate\Pipeline\Pipeline->Illuminate\Pipeline\{closure}()
#22 /var/www/tastyignitor/vendor/laravel/framework/src/Illuminate/Pipeline/Pipeline.php(171): Igniter\Cart\Middleware\CartMiddleware->handle()
#23 /var/www/tastyignitor/vendor/tastyigniter/flame/src/Translation/Middleware/Localization.php(40): Illuminate\Pipeline\Pipeline->Illuminate\Pipeline\{closure}()
#24 /var/www/tastyignitor/vendor/laravel/framework/src/Illuminate/Pipeline/Pipeline.php(171): Igniter\Flame\Translation\Middleware\Localization->handle()
#25 /var/www/tastyignitor/vendor/laravel/framework/src/Illuminate/Routing/Middleware/SubstituteBindings.php(41): Illuminate\Pipeline\Pipeline->Illuminate\Pipeline\{closure}()
#26 /var/www/tastyignitor/vendor/laravel/framework/src/Illuminate/Pipeline/Pipeline.php(171): Illuminate\Routing\Middleware\SubstituteBindings->handle()
#27 /var/www/tastyignitor/vendor/laravel/framework/src/Illuminate/View/Middleware/ShareErrorsFromSession.php(49): Illuminate\Pipeline\Pipeline->Illuminate\Pipeline\{closure}()
#28 /var/www/tastyignitor/vendor/laravel/framework/src/Illuminate/Pipeline/Pipeline.php(171): Illuminate\View\Middleware\ShareErrorsFromSession->handle()
#29 /var/www/tastyignitor/vendor/laravel/framework/src/Illuminate/Session/Middleware/StartSession.php(56): Illuminate\Pipeline\Pipeline->Illuminate\Pipeline\{closure}()
#30 /var/www/tastyignitor/vendor/laravel/framework/src/Illuminate/Pipeline/Pipeline.php(171): Illuminate\Session\Middleware\StartSession->handle()
#31 /var/www/tastyignitor/vendor/laravel/framework/src/Illuminate/Cookie/Middleware/AddQueuedCookiesToResponse.php(37): Illuminate\Pipeline\Pipeline->Illuminate\Pipeline\{closure}()
#32 /var/www/tastyignitor/vendor/laravel/framework/src/Illuminate/Pipeline/Pipeline.php(171): Illuminate\Cookie\Middleware\AddQueuedCookiesToResponse->handle()
#33 /var/www/tastyignitor/vendor/laravel/framework/src/Illuminate/Cookie/Middleware/EncryptCookies.php(66): Illuminate\Pipeline\Pipeline->Illuminate\Pipeline\{closure}()
#34 /var/www/tastyignitor/vendor/laravel/framework/src/Illuminate/Pipeline/Pipeline.php(171): Illuminate\Cookie\Middleware\EncryptCookies->handle()
#35 /var/www/tastyignitor/vendor/laravel/framework/src/Illuminate/Pipeline/Pipeline.php(105): Illuminate\Pipeline\Pipeline->Illuminate\Pipeline\{closure}()
#36 /var/www/tastyignitor/vendor/laravel/framework/src/Illuminate/Routing/Router.php(683): Illuminate\Pipeline\Pipeline->then()
#37 /var/www/tastyignitor/vendor/laravel/framework/src/Illuminate/Routing/Router.php(658): Illuminate\Routing\Router->runRouteWithinStack()
#38 /var/www/tastyignitor/vendor/laravel/framework/src/Illuminate/Routing/Router.php(624): Illuminate\Routing\Router->runRoute()
#39 /var/www/tastyignitor/vendor/october/rain/src/Router/CoreRouter.php(20): Illuminate\Routing\Router->dispatchToRoute()
#40 /var/www/tastyignitor/vendor/laravel/framework/src/Illuminate/Foundation/Http/Kernel.php(170): October\Rain\Router\CoreRouter->dispatch()
#41 /var/www/tastyignitor/vendor/laravel/framework/src/Illuminate/Pipeline/Pipeline.php(130): Illuminate\Foundation\Http\Kernel->Illuminate\Foundation\Http\{closure}()
#42 /var/www/tastyignitor/vendor/tastyigniter/flame/src/Setting/Middleware/SaveSetting.php(25): Illuminate\Pipeline\Pipeline->Illuminate\Pipeline\{closure}()
#43 /var/www/tastyignitor/vendor/laravel/framework/src/Illuminate/Pipeline/Pipeline.php(171): Igniter\Flame\Setting\Middleware\SaveSetting->handle()
#44 /var/www/tastyignitor/vendor/fideloper/proxy/src/TrustProxies.php(57): Illuminate\Pipeline\Pipeline->Illuminate\Pipeline\{closure}()
#45 /var/www/tastyignitor/vendor/laravel/framework/src/Illuminate/Pipeline/Pipeline.php(171): Fideloper\Proxy\TrustProxies->handle()
#46 /var/www/tastyignitor/vendor/laravel/framework/src/Illuminate/Foundation/Http/Middleware/TransformsRequest.php(21): Illuminate\Pipeline\Pipeline->Illuminate\Pipeline\{closure}()
#47 /var/www/tastyignitor/vendor/laravel/framework/src/Illuminate/Pipeline/Pipeline.php(171): Illuminate\Foundation\Http\Middleware\TransformsRequest->handle()
#48 /var/www/tastyignitor/vendor/laravel/framework/src/Illuminate/Foundation/Http/Middleware/ValidatePostSize.php(27): Illuminate\Pipeline\Pipeline->Illuminate\Pipeline\{closure}()
#49 /var/www/tastyignitor/vendor/laravel/framework/src/Illuminate/Pipeline/Pipeline.php(171): Illuminate\Foundation\Http\Middleware\ValidatePostSize->handle()
#50 /var/www/tastyignitor/vendor/laravel/framework/src/Illuminate/Foundation/Http/Middleware/CheckForMaintenanceMode.php(63): Illuminate\Pipeline\Pipeline->Illuminate\Pipeline\{closure}()
#51 /var/www/tastyignitor/vendor/laravel/framework/src/Illuminate/Pipeline/Pipeline.php(171): Illuminate\Foundation\Http\Middleware\CheckForMaintenanceMode->handle()
#52 /var/www/tastyignitor/vendor/laravel/framework/src/Illuminate/Pipeline/Pipeline.php(105): Illuminate\Pipeline\Pipeline->Illuminate\Pipeline\{closure}()
#53 /var/www/tastyignitor/vendor/laravel/framework/src/Illuminate/Foundation/Http/Kernel.php(145): Illuminate\Pipeline\Pipeline->then()
#54 /var/www/tastyignitor/vendor/laravel/framework/src/Illuminate/Foundation/Http/Kernel.php(110): Illuminate\Foundation\Http\Kernel->sendRequestThroughRouter()
#55 /var/www/tastyignitor/index.php(53): Illuminate\Foundation\Http\Kernel->handle()
#56 {main}

Next Doctrine\DBAL\Driver\PDOException: SQLSTATE[42S02]: Base table or view not found: 1146 Table 'tastyignitor.ti_custom_users' doesn't exist in /var/www/tastyignitor/vendor/doctrine/dbal/lib/Doctrine/DBAL/Driver/PDOConnection.php:79
Stack trace:
#0 /var/www/tastyignitor/vendor/laravel/framework/src/Illuminate/Database/Connection.php(331): Doctrine\DBAL\Driver\PDOConnection->prepare()
#1 /var/www/tastyignitor/vendor/laravel/framework/src/Illuminate/Database/Connection.php(662): Illuminate\Database\Connection->Illuminate\Database\{closure}()
#2 /var/www/tastyignitor/vendor/laravel/framework/src/Illuminate/Database/Connection.php(629): Illuminate\Database\Connection->runQueryCallback()
#3 /var/www/tastyignitor/vendor/laravel/framework/src/Illuminate/Database/Connection.php(338): Illuminate\Database\Connection->run()
#4 /var/www/tastyignitor/vendor/laravel/framework/src/Illuminate/Database/Query/Builder.php(2149): Illuminate\Database\Connection->select()
#5 /var/www/tastyignitor/vendor/laravel/framework/src/Illuminate/Database/Query/Builder.php(2137): Illuminate\Database\Query\Builder->runSelect()
#6 /var/www/tastyignitor/vendor/laravel/framework/src/Illuminate/Database/Query/Builder.php(2609): Illuminate\Database\Query\Builder->Illuminate\Database\Query\{closure}()
#7 /var/www/tastyignitor/vendor/laravel/framework/src/Illuminate/Database/Query/Builder.php(2138): Illuminate\Database\Query\Builder->onceWithColumns()
#8 /var/www/tastyignitor/vendor/laravel/framework/src/Illuminate/Database/Eloquent/Builder.php(537): Illuminate\Database\Query\Builder->get()
#9 /var/www/tastyignitor/vendor/laravel/framework/src/Illuminate/Database/Eloquent/Builder.php(521): Illuminate\Database\Eloquent\Builder->getModels()
#10 /var/www/tastyignitor/vendor/laravel/framework/src/Illuminate/Database/Concerns/BuildsQueries.php(143): Illuminate\Database\Eloquent\Builder->get()
#11 /var/www/tastyignitor/app/main/traits/Validation.php(27): Illuminate\Database\Eloquent\Builder->first()
#12 /var/www/tastyignitor/app/main/controllers/Register.php(41): Main\Controllers\Register->createsubdomain_validation()
#13 /var/www/tastyignitor/vendor/laravel/framework/src/Illuminate/Routing/ControllerDispatcher.php(48): Main\Controllers\Register->subdomaincreate()
#14 /var/www/tastyignitor/vendor/laravel/framework/src/Illuminate/Routing/Route.php(219): Illuminate\Routing\ControllerDispatcher->dispatch()
#15 /var/www/tastyignitor/vendor/laravel/framework/src/Illuminate/Routing/Route.php(176): Illuminate\Routing\Route->runController()
#16 /var/www/tastyignitor/vendor/laravel/framework/src/Illuminate/Routing/Router.php(681): Illuminate\Routing\Route->run()
#17 /var/www/tastyignitor/vendor/laravel/framework/src/Illuminate/Pipeline/Pipeline.php(130): Illuminate\Routing\Router->Illuminate\Routing\{closure}()
#18 /var/www/tastyignitor/vendor/tastyigniter/flame/src/Currency/Middleware/CurrencyMiddleware.php(33): Illuminate\Pipeline\Pipeline->Illuminate\Pipeline\{closure}()
#19 /var/www/tastyignitor/vendor/laravel/framework/src/Illuminate/Pipeline/Pipeline.php(171): Igniter\Flame\Currency\Middleware\CurrencyMiddleware->handle()
#20 /var/www/tastyignitor/extensions/igniter/cart/middleware/CartMiddleware.php(10): Illuminate\Pipeline\Pipeline->Illuminate\Pipeline\{closure}()
#21 /var/www/tastyignitor/vendor/laravel/framework/src/Illuminate/Pipeline/Pipeline.php(171): Igniter\Cart\Middleware\CartMiddleware->handle()
#22 /var/www/tastyignitor/vendor/tastyigniter/flame/src/Translation/Middleware/Localization.php(40): Illuminate\Pipeline\Pipeline->Illuminate\Pipeline\{closure}()
#23 /var/www/tastyignitor/vendor/laravel/framework/src/Illuminate/Pipeline/Pipeline.php(171): Igniter\Flame\Translation\Middleware\Localization->handle()
#24 /var/www/tastyignitor/vendor/laravel/framework/src/Illuminate/Routing/Middleware/SubstituteBindings.php(41): Illuminate\Pipeline\Pipeline->Illuminate\Pipeline\{closure}()
#25 /var/www/tastyignitor/vendor/laravel/framework/src/Illuminate/Pipeline/Pipeline.php(171): Illuminate\Routing\Middleware\SubstituteBindings->handle()
#26 /var/www/tastyignitor/vendor/laravel/framework/src/Illuminate/View/Middleware/ShareErrorsFromSession.php(49): Illuminate\Pipeline\Pipeline->Illuminate\Pipeline\{closure}()
#27 /var/www/tastyignitor/vendor/laravel/framework/src/Illuminate/Pipeline/Pipeline.php(171): Illuminate\View\Middleware\ShareErrorsFromSession->handle()
#28 /var/www/tastyignitor/vendor/laravel/framework/src/Illuminate/Session/Middleware/StartSession.php(56): Illuminate\Pipeline\Pipeline->Illuminate\Pipeline\{closure}()
#29 /var/www/tastyignitor/vendor/laravel/framework/src/Illuminate/Pipeline/Pipeline.php(171): Illuminate\Session\Middleware\StartSession->handle()
#30 /var/www/tastyignitor/vendor/laravel/framework/src/Illuminate/Cookie/Middleware/AddQueuedCookiesToResponse.php(37): Illuminate\Pipeline\Pipeline->Illuminate\Pipeline\{closure}()
#31 /var/www/tastyignitor/vendor/laravel/framework/src/Illuminate/Pipeline/Pipeline.php(171): Illuminate\Cookie\Middleware\AddQueuedCookiesToResponse->handle()
#32 /var/www/tastyignitor/vendor/laravel/framework/src/Illuminate/Cookie/Middleware/EncryptCookies.php(66): Illuminate\Pipeline\Pipeline->Illuminate\Pipeline\{closure}()
#33 /var/www/tastyignitor/vendor/laravel/framework/src/Illuminate/Pipeline/Pipeline.php(171): Illuminate\Cookie\Middleware\EncryptCookies->handle()
#34 /var/www/tastyignitor/vendor/laravel/framework/src/Illuminate/Pipeline/Pipeline.php(105): Illuminate\Pipeline\Pipeline->Illuminate\Pipeline\{closure}()
#35 /var/www/tastyignitor/vendor/laravel/framework/src/Illuminate/Routing/Router.php(683): Illuminate\Pipeline\Pipeline->then()
#36 /var/www/tastyignitor/vendor/laravel/framework/src/Illuminate/Routing/Router.php(658): Illuminate\Routing\Router->runRouteWithinStack()
#37 /var/www/tastyignitor/vendor/laravel/framework/src/Illuminate/Routing/Router.php(624): Illuminate\Routing\Router->runRoute()
#38 /var/www/tastyignitor/vendor/october/rain/src/Router/CoreRouter.php(20): Illuminate\Routing\Router->dispatchToRoute()
#39 /var/www/tastyignitor/vendor/laravel/framework/src/Illuminate/Foundation/Http/Kernel.php(170): October\Rain\Router\CoreRouter->dispatch()
#40 /var/www/tastyignitor/vendor/laravel/framework/src/Illuminate/Pipeline/Pipeline.php(130): Illuminate\Foundation\Http\Kernel->Illuminate\Foundation\Http\{closure}()
#41 /var/www/tastyignitor/vendor/tastyigniter/flame/src/Setting/Middleware/SaveSetting.php(25): Illuminate\Pipeline\Pipeline->Illuminate\Pipeline\{closure}()
#42 /var/www/tastyignitor/vendor/laravel/framework/src/Illuminate/Pipeline/Pipeline.php(171): Igniter\Flame\Setting\Middleware\SaveSetting->handle()
#43 /var/www/tastyignitor/vendor/fideloper/proxy/src/TrustProxies.php(57): Illuminate\Pipeline\Pipeline->Illuminate\Pipeline\{closure}()
#44 /var/www/tastyignitor/vendor/laravel/framework/src/Illuminate/Pipeline/Pipeline.php(171): Fideloper\Proxy\TrustProxies->handle()
#45 /var/www/tastyignitor/vendor/laravel/framework/src/Illuminate/Foundation/Http/Middleware/TransformsRequest.php(21): Illuminate\Pipeline\Pipeline->Illuminate\Pipeline\{closure}()
#46 /var/www/tastyignitor/vendor/laravel/framework/src/Illuminate/Pipeline/Pipeline.php(171): Illuminate\Foundation\Http\Middleware\TransformsRequest->handle()
#47 /var/www/tastyignitor/vendor/laravel/framework/src/Illuminate/Foundation/Http/Middleware/ValidatePostSize.php(27): Illuminate\Pipeline\Pipeline->Illuminate\Pipeline\{closure}()
#48 /var/www/tastyignitor/vendor/laravel/framework/src/Illuminate/Pipeline/Pipeline.php(171): Illuminate\Foundation\Http\Middleware\ValidatePostSize->handle()
#49 /var/www/tastyignitor/vendor/laravel/framework/src/Illuminate/Foundation/Http/Middleware/CheckForMaintenanceMode.php(63): Illuminate\Pipeline\Pipeline->Illuminate\Pipeline\{closure}()
#50 /var/www/tastyignitor/vendor/laravel/framework/src/Illuminate/Pipeline/Pipeline.php(171): Illuminate\Foundation\Http\Middleware\CheckForMaintenanceMode->handle()
#51 /var/www/tastyignitor/vendor/laravel/framework/src/Illuminate/Pipeline/Pipeline.php(105): Illuminate\Pipeline\Pipeline->Illuminate\Pipeline\{closure}()
#52 /var/www/tastyignitor/vendor/laravel/framework/src/Illuminate/Foundation/Http/Kernel.php(145): Illuminate\Pipeline\Pipeline->then()
#53 /var/www/tastyignitor/vendor/laravel/framework/src/Illuminate/Foundation/Http/Kernel.php(110): Illuminate\Foundation\Http\Kernel->sendRequestThroughRouter()
#54 /var/www/tastyignitor/index.php(53): Illuminate\Foundation\Http\Kernel->handle()
#55 {main}

Next Illuminate\Database\QueryException: SQLSTATE[42S02]: Base table or view not found: 1146 Table 'tastyignitor.ti_custom_users' doesn't exist (SQL: select * from `ti_custom_users` where (`email` = test8@gmail.com and `deleted` = 0) limit 1) in /var/www/tastyignitor/vendor/laravel/framework/src/Illuminate/Database/Connection.php:669
Stack trace:
#0 /var/www/tastyignitor/vendor/laravel/framework/src/Illuminate/Database/Connection.php(629): Illuminate\Database\Connection->runQueryCallback()
#1 /var/www/tastyignitor/vendor/laravel/framework/src/Illuminate/Database/Connection.php(338): Illuminate\Database\Connection->run()
#2 /var/www/tastyignitor/vendor/laravel/framework/src/Illuminate/Database/Query/Builder.php(2149): Illuminate\Database\Connection->select()
#3 /var/www/tastyignitor/vendor/laravel/framework/src/Illuminate/Database/Query/Builder.php(2137): Illuminate\Database\Query\Builder->runSelect()
#4 /var/www/tastyignitor/vendor/laravel/framework/src/Illuminate/Database/Query/Builder.php(2609): Illuminate\Database\Query\Builder->Illuminate\Database\Query\{closure}()
#5 /var/www/tastyignitor/vendor/laravel/framework/src/Illuminate/Database/Query/Builder.php(2138): Illuminate\Database\Query\Builder->onceWithColumns()
#6 /var/www/tastyignitor/vendor/laravel/framework/src/Illuminate/Database/Eloquent/Builder.php(537): Illuminate\Database\Query\Builder->get()
#7 /var/www/tastyignitor/vendor/laravel/framework/src/Illuminate/Database/Eloquent/Builder.php(521): Illuminate\Database\Eloquent\Builder->getModels()
#8 /var/www/tastyignitor/vendor/laravel/framework/src/Illuminate/Database/Concerns/BuildsQueries.php(143): Illuminate\Database\Eloquent\Builder->get()
#9 /var/www/tastyignitor/app/main/traits/Validation.php(27): Illuminate\Database\Eloquent\Builder->first()
#10 /var/www/tastyignitor/app/main/controllers/Register.php(41): Main\Controllers\Register->createsubdomain_validation()
#11 /var/www/tastyignitor/vendor/laravel/framework/src/Illuminate/Routing/ControllerDispatcher.php(48): Main\Controllers\Register->subdomaincreate()
#12 /var/www/tastyignitor/vendor/laravel/framework/src/Illuminate/Routing/Route.php(219): Illuminate\Routing\ControllerDispatcher->dispatch()
#13 /var/www/tastyignitor/vendor/laravel/framework/src/Illuminate/Routing/Route.php(176): Illuminate\Routing\Route->runController()
#14 /var/www/tastyignitor/vendor/laravel/framework/src/Illuminate/Routing/Router.php(681): Illuminate\Routing\Route->run()
#15 /var/www/tastyignitor/vendor/laravel/framework/src/Illuminate/Pipeline/Pipeline.php(130): Illuminate\Routing\Router->Illuminate\Routing\{closure}()
#16 /var/www/tastyignitor/vendor/tastyigniter/flame/src/Currency/Middleware/CurrencyMiddleware.php(33): Illuminate\Pipeline\Pipeline->Illuminate\Pipeline\{closure}()
#17 /var/www/tastyignitor/vendor/laravel/framework/src/Illuminate/Pipeline/Pipeline.php(171): Igniter\Flame\Currency\Middleware\CurrencyMiddleware->handle()
#18 /var/www/tastyignitor/extensions/igniter/cart/middleware/CartMiddleware.php(10): Illuminate\Pipeline\Pipeline->Illuminate\Pipeline\{closure}()
#19 /var/www/tastyignitor/vendor/laravel/framework/src/Illuminate/Pipeline/Pipeline.php(171): Igniter\Cart\Middleware\CartMiddleware->handle()
#20 /var/www/tastyignitor/vendor/tastyigniter/flame/src/Translation/Middleware/Localization.php(40): Illuminate\Pipeline\Pipeline->Illuminate\Pipeline\{closure}()
#21 /var/www/tastyignitor/vendor/laravel/framework/src/Illuminate/Pipeline/Pipeline.php(171): Igniter\Flame\Translation\Middleware\Localization->handle()
#22 /var/www/tastyignitor/vendor/laravel/framework/src/Illuminate/Routing/Middleware/SubstituteBindings.php(41): Illuminate\Pipeline\Pipeline->Illuminate\Pipeline\{closure}()
#23 /var/www/tastyignitor/vendor/laravel/framework/src/Illuminate/Pipeline/Pipeline.php(171): Illuminate\Routing\Middleware\SubstituteBindings->handle()
#24 /var/www/tastyignitor/vendor/laravel/framework/src/Illuminate/View/Middleware/ShareErrorsFromSession.php(49): Illuminate\Pipeline\Pipeline->Illuminate\Pipeline\{closure}()
#25 /var/www/tastyignitor/vendor/laravel/framework/src/Illuminate/Pipeline/Pipeline.php(171): Illuminate\View\Middleware\ShareErrorsFromSession->handle()
#26 /var/www/tastyignitor/vendor/laravel/framework/src/Illuminate/Session/Middleware/StartSession.php(56): Illuminate\Pipeline\Pipeline->Illuminate\Pipeline\{closure}()
#27 /var/www/tastyignitor/vendor/laravel/framework/src/Illuminate/Pipeline/Pipeline.php(171): Illuminate\Session\Middleware\StartSession->handle()
#28 /var/www/tastyignitor/vendor/laravel/framework/src/Illuminate/Cookie/Middleware/AddQueuedCookiesToResponse.php(37): Illuminate\Pipeline\Pipeline->Illuminate\Pipeline\{closure}()
#29 /var/www/tastyignitor/vendor/laravel/framework/src/Illuminate/Pipeline/Pipeline.php(171): Illuminate\Cookie\Middleware\AddQueuedCookiesToResponse->handle()
#30 /var/www/tastyignitor/vendor/laravel/framework/src/Illuminate/Cookie/Middleware/EncryptCookies.php(66): Illuminate\Pipeline\Pipeline->Illuminate\Pipeline\{closure}()
#31 /var/www/tastyignitor/vendor/laravel/framework/src/Illuminate/Pipeline/Pipeline.php(171): Illuminate\Cookie\Middleware\EncryptCookies->handle()
#32 /var/www/tastyignitor/vendor/laravel/framework/src/Illuminate/Pipeline/Pipeline.php(105): Illuminate\Pipeline\Pipeline->Illuminate\Pipeline\{closure}()
#33 /var/www/tastyignitor/vendor/laravel/framework/src/Illuminate/Routing/Router.php(683): Illuminate\Pipeline\Pipeline->then()
#34 /var/www/tastyignitor/vendor/laravel/framework/src/Illuminate/Routing/Router.php(658): Illuminate\Routing\Router->runRouteWithinStack()
#35 /var/www/tastyignitor/vendor/laravel/framework/src/Illuminate/Routing/Router.php(624): Illuminate\Routing\Router->runRoute()
#36 /var/www/tastyignitor/vendor/october/rain/src/Router/CoreRouter.php(20): Illuminate\Routing\Router->dispatchToRoute()
#37 /var/www/tastyignitor/vendor/laravel/framework/src/Illuminate/Foundation/Http/Kernel.php(170): October\Rain\Router\CoreRouter->dispatch()
#38 /var/www/tastyignitor/vendor/laravel/framework/src/Illuminate/Pipeline/Pipeline.php(130): Illuminate\Foundation\Http\Kernel->Illuminate\Foundation\Http\{closure}()
#39 /var/www/tastyignitor/vendor/tastyigniter/flame/src/Setting/Middleware/SaveSetting.php(25): Illuminate\Pipeline\Pipeline->Illuminate\Pipeline\{closure}()
#40 /var/www/tastyignitor/vendor/laravel/framework/src/Illuminate/Pipeline/Pipeline.php(171): Igniter\Flame\Setting\Middleware\SaveSetting->handle()
#41 /var/www/tastyignitor/vendor/fideloper/proxy/src/TrustProxies.php(57): Illuminate\Pipeline\Pipeline->Illuminate\Pipeline\{closure}()
#42 /var/www/tastyignitor/vendor/laravel/framework/src/Illuminate/Pipeline/Pipeline.php(171): Fideloper\Proxy\TrustProxies->handle()
#43 /var/www/tastyignitor/vendor/laravel/framework/src/Illuminate/Foundation/Http/Middleware/TransformsRequest.php(21): Illuminate\Pipeline\Pipeline->Illuminate\Pipeline\{closure}()
#44 /var/www/tastyignitor/vendor/laravel/framework/src/Illuminate/Pipeline/Pipeline.php(171): Illuminate\Foundation\Http\Middleware\TransformsRequest->handle()
#45 /var/www/tastyignitor/vendor/laravel/framework/src/Illuminate/Foundation/Http/Middleware/ValidatePostSize.php(27): Illuminate\Pipeline\Pipeline->Illuminate\Pipeline\{closure}()
#46 /var/www/tastyignitor/vendor/laravel/framework/src/Illuminate/Pipeline/Pipeline.php(171): Illuminate\Foundation\Http\Middleware\ValidatePostSize->handle()
#47 /var/www/tastyignitor/vendor/laravel/framework/src/Illuminate/Foundation/Http/Middleware/CheckForMaintenanceMode.php(63): Illuminate\Pipeline\Pipeline->Illuminate\Pipeline\{closure}()
#48 /var/www/tastyignitor/vendor/laravel/framework/src/Illuminate/Pipeline/Pipeline.php(171): Illuminate\Foundation\Http\Middleware\CheckForMaintenanceMode->handle()
#49 /var/www/tastyignitor/vendor/laravel/framework/src/Illuminate/Pipeline/Pipeline.php(105): Illuminate\Pipeline\Pipeline->Illuminate\Pipeline\{closure}()
#50 /var/www/tastyignitor/vendor/laravel/framework/src/Illuminate/Foundation/Http/Kernel.php(145): Illuminate\Pipeline\Pipeline->then()
#51 /var/www/tastyignitor/vendor/laravel/framework/src/Illuminate/Foundation/Http/Kernel.php(110): Illuminate\Foundation\Http\Kernel->sendRequestThroughRouter()
#52 /var/www/tastyignitor/index.php(53): Illuminate\Foundation\Http\Kernel->handle()
#53 {main}  
[2020-08-29 15:17:30] development.ERROR: PDOException: SQLSTATE[42S02]: Base table or view not found: 1146 Table 'tastyignitor.ti_custom_users' doesn't exist in /var/www/tastyignitor/vendor/doctrine/dbal/lib/Doctrine/DBAL/Driver/PDOConnection.php:77
Stack trace:
#0 /var/www/tastyignitor/vendor/doctrine/dbal/lib/Doctrine/DBAL/Driver/PDOConnection.php(77): PDO->prepare()
#1 /var/www/tastyignitor/vendor/laravel/framework/src/Illuminate/Database/Connection.php(331): Doctrine\DBAL\Driver\PDOConnection->prepare()
#2 /var/www/tastyignitor/vendor/laravel/framework/src/Illuminate/Database/Connection.php(662): Illuminate\Database\Connection->Illuminate\Database\{closure}()
#3 /var/www/tastyignitor/vendor/laravel/framework/src/Illuminate/Database/Connection.php(629): Illuminate\Database\Connection->runQueryCallback()
#4 /var/www/tastyignitor/vendor/laravel/framework/src/Illuminate/Database/Connection.php(338): Illuminate\Database\Connection->run()
#5 /var/www/tastyignitor/vendor/laravel/framework/src/Illuminate/Database/Query/Builder.php(2149): Illuminate\Database\Connection->select()
#6 /var/www/tastyignitor/vendor/laravel/framework/src/Illuminate/Database/Query/Builder.php(2137): Illuminate\Database\Query\Builder->runSelect()
#7 /var/www/tastyignitor/vendor/laravel/framework/src/Illuminate/Database/Query/Builder.php(2609): Illuminate\Database\Query\Builder->Illuminate\Database\Query\{closure}()
#8 /var/www/tastyignitor/vendor/laravel/framework/src/Illuminate/Database/Query/Builder.php(2138): Illuminate\Database\Query\Builder->onceWithColumns()
#9 /var/www/tastyignitor/vendor/laravel/framework/src/Illuminate/Database/Eloquent/Builder.php(537): Illuminate\Database\Query\Builder->get()
#10 /var/www/tastyignitor/vendor/laravel/framework/src/Illuminate/Database/Eloquent/Builder.php(521): Illuminate\Database\Eloquent\Builder->getModels()
#11 /var/www/tastyignitor/vendor/laravel/framework/src/Illuminate/Database/Concerns/BuildsQueries.php(143): Illuminate\Database\Eloquent\Builder->get()
#12 /var/www/tastyignitor/app/main/traits/Validation.php(27): Illuminate\Database\Eloquent\Builder->first()
#13 /var/www/tastyignitor/app/main/controllers/Register.php(41): Main\Controllers\Register->createsubdomain_validation()
#14 /var/www/tastyignitor/vendor/laravel/framework/src/Illuminate/Routing/ControllerDispatcher.php(48): Main\Controllers\Register->subdomaincreate()
#15 /var/www/tastyignitor/vendor/laravel/framework/src/Illuminate/Routing/Route.php(219): Illuminate\Routing\ControllerDispatcher->dispatch()
#16 /var/www/tastyignitor/vendor/laravel/framework/src/Illuminate/Routing/Route.php(176): Illuminate\Routing\Route->runController()
#17 /var/www/tastyignitor/vendor/laravel/framework/src/Illuminate/Routing/Router.php(681): Illuminate\Routing\Route->run()
#18 /var/www/tastyignitor/vendor/laravel/framework/src/Illuminate/Pipeline/Pipeline.php(130): Illuminate\Routing\Router->Illuminate\Routing\{closure}()
#19 /var/www/tastyignitor/vendor/tastyigniter/flame/src/Currency/Middleware/CurrencyMiddleware.php(33): Illuminate\Pipeline\Pipeline->Illuminate\Pipeline\{closure}()
#20 /var/www/tastyignitor/vendor/laravel/framework/src/Illuminate/Pipeline/Pipeline.php(171): Igniter\Flame\Currency\Middleware\CurrencyMiddleware->handle()
#21 /var/www/tastyignitor/extensions/igniter/cart/middleware/CartMiddleware.php(10): Illuminate\Pipeline\Pipeline->Illuminate\Pipeline\{closure}()
#22 /var/www/tastyignitor/vendor/laravel/framework/src/Illuminate/Pipeline/Pipeline.php(171): Igniter\Cart\Middleware\CartMiddleware->handle()
#23 /var/www/tastyignitor/vendor/tastyigniter/flame/src/Translation/Middleware/Localization.php(40): Illuminate\Pipeline\Pipeline->Illuminate\Pipeline\{closure}()
#24 /var/www/tastyignitor/vendor/laravel/framework/src/Illuminate/Pipeline/Pipeline.php(171): Igniter\Flame\Translation\Middleware\Localization->handle()
#25 /var/www/tastyignitor/vendor/laravel/framework/src/Illuminate/Routing/Middleware/SubstituteBindings.php(41): Illuminate\Pipeline\Pipeline->Illuminate\Pipeline\{closure}()
#26 /var/www/tastyignitor/vendor/laravel/framework/src/Illuminate/Pipeline/Pipeline.php(171): Illuminate\Routing\Middleware\SubstituteBindings->handle()
#27 /var/www/tastyignitor/vendor/laravel/framework/src/Illuminate/View/Middleware/ShareErrorsFromSession.php(49): Illuminate\Pipeline\Pipeline->Illuminate\Pipeline\{closure}()
#28 /var/www/tastyignitor/vendor/laravel/framework/src/Illuminate/Pipeline/Pipeline.php(171): Illuminate\View\Middleware\ShareErrorsFromSession->handle()
#29 /var/www/tastyignitor/vendor/laravel/framework/src/Illuminate/Session/Middleware/StartSession.php(56): Illuminate\Pipeline\Pipeline->Illuminate\Pipeline\{closure}()
#30 /var/www/tastyignitor/vendor/laravel/framework/src/Illuminate/Pipeline/Pipeline.php(171): Illuminate\Session\Middleware\StartSession->handle()
#31 /var/www/tastyignitor/vendor/laravel/framework/src/Illuminate/Cookie/Middleware/AddQueuedCookiesToResponse.php(37): Illuminate\Pipeline\Pipeline->Illuminate\Pipeline\{closure}()
#32 /var/www/tastyignitor/vendor/laravel/framework/src/Illuminate/Pipeline/Pipeline.php(171): Illuminate\Cookie\Middleware\AddQueuedCookiesToResponse->handle()
#33 /var/www/tastyignitor/vendor/laravel/framework/src/Illuminate/Cookie/Middleware/EncryptCookies.php(66): Illuminate\Pipeline\Pipeline->Illuminate\Pipeline\{closure}()
#34 /var/www/tastyignitor/vendor/laravel/framework/src/Illuminate/Pipeline/Pipeline.php(171): Illuminate\Cookie\Middleware\EncryptCookies->handle()
#35 /var/www/tastyignitor/vendor/laravel/framework/src/Illuminate/Pipeline/Pipeline.php(105): Illuminate\Pipeline\Pipeline->Illuminate\Pipeline\{closure}()
#36 /var/www/tastyignitor/vendor/laravel/framework/src/Illuminate/Routing/Router.php(683): Illuminate\Pipeline\Pipeline->then()
#37 /var/www/tastyignitor/vendor/laravel/framework/src/Illuminate/Routing/Router.php(658): Illuminate\Routing\Router->runRouteWithinStack()
#38 /var/www/tastyignitor/vendor/laravel/framework/src/Illuminate/Routing/Router.php(624): Illuminate\Routing\Router->runRoute()
#39 /var/www/tastyignitor/vendor/october/rain/src/Router/CoreRouter.php(20): Illuminate\Routing\Router->dispatchToRoute()
#40 /var/www/tastyignitor/vendor/laravel/framework/src/Illuminate/Foundation/Http/Kernel.php(170): October\Rain\Router\CoreRouter->dispatch()
#41 /var/www/tastyignitor/vendor/laravel/framework/src/Illuminate/Pipeline/Pipeline.php(130): Illuminate\Foundation\Http\Kernel->Illuminate\Foundation\Http\{closure}()
#42 /var/www/tastyignitor/vendor/tastyigniter/flame/src/Setting/Middleware/SaveSetting.php(25): Illuminate\Pipeline\Pipeline->Illuminate\Pipeline\{closure}()
#43 /var/www/tastyignitor/vendor/laravel/framework/src/Illuminate/Pipeline/Pipeline.php(171): Igniter\Flame\Setting\Middleware\SaveSetting->handle()
#44 /var/www/tastyignitor/vendor/fideloper/proxy/src/TrustProxies.php(57): Illuminate\Pipeline\Pipeline->Illuminate\Pipeline\{closure}()
#45 /var/www/tastyignitor/vendor/laravel/framework/src/Illuminate/Pipeline/Pipeline.php(171): Fideloper\Proxy\TrustProxies->handle()
#46 /var/www/tastyignitor/vendor/laravel/framework/src/Illuminate/Foundation/Http/Middleware/TransformsRequest.php(21): Illuminate\Pipeline\Pipeline->Illuminate\Pipeline\{closure}()
#47 /var/www/tastyignitor/vendor/laravel/framework/src/Illuminate/Pipeline/Pipeline.php(171): Illuminate\Foundation\Http\Middleware\TransformsRequest->handle()
#48 /var/www/tastyignitor/vendor/laravel/framework/src/Illuminate/Foundation/Http/Middleware/ValidatePostSize.php(27): Illuminate\Pipeline\Pipeline->Illuminate\Pipeline\{closure}()
#49 /var/www/tastyignitor/vendor/laravel/framework/src/Illuminate/Pipeline/Pipeline.php(171): Illuminate\Foundation\Http\Middleware\ValidatePostSize->handle()
#50 /var/www/tastyignitor/vendor/laravel/framework/src/Illuminate/Foundation/Http/Middleware/CheckForMaintenanceMode.php(63): Illuminate\Pipeline\Pipeline->Illuminate\Pipeline\{closure}()
#51 /var/www/tastyignitor/vendor/laravel/framework/src/Illuminate/Pipeline/Pipeline.php(171): Illuminate\Foundation\Http\Middleware\CheckForMaintenanceMode->handle()
#52 /var/www/tastyignitor/vendor/laravel/framework/src/Illuminate/Pipeline/Pipeline.php(105): Illuminate\Pipeline\Pipeline->Illuminate\Pipeline\{closure}()
#53 /var/www/tastyignitor/vendor/laravel/framework/src/Illuminate/Foundation/Http/Kernel.php(145): Illuminate\Pipeline\Pipeline->then()
#54 /var/www/tastyignitor/vendor/laravel/framework/src/Illuminate/Foundation/Http/Kernel.php(110): Illuminate\Foundation\Http\Kernel->sendRequestThroughRouter()
#55 /var/www/tastyignitor/index.php(53): Illuminate\Foundation\Http\Kernel->handle()
#56 {main}

Next Doctrine\DBAL\Driver\PDOException: SQLSTATE[42S02]: Base table or view not found: 1146 Table 'tastyignitor.ti_custom_users' doesn't exist in /var/www/tastyignitor/vendor/doctrine/dbal/lib/Doctrine/DBAL/Driver/PDOConnection.php:79
Stack trace:
#0 /var/www/tastyignitor/vendor/laravel/framework/src/Illuminate/Database/Connection.php(331): Doctrine\DBAL\Driver\PDOConnection->prepare()
#1 /var/www/tastyignitor/vendor/laravel/framework/src/Illuminate/Database/Connection.php(662): Illuminate\Database\Connection->Illuminate\Database\{closure}()
#2 /var/www/tastyignitor/vendor/laravel/framework/src/Illuminate/Database/Connection.php(629): Illuminate\Database\Connection->runQueryCallback()
#3 /var/www/tastyignitor/vendor/laravel/framework/src/Illuminate/Database/Connection.php(338): Illuminate\Database\Connection->run()
#4 /var/www/tastyignitor/vendor/laravel/framework/src/Illuminate/Database/Query/Builder.php(2149): Illuminate\Database\Connection->select()
#5 /var/www/tastyignitor/vendor/laravel/framework/src/Illuminate/Database/Query/Builder.php(2137): Illuminate\Database\Query\Builder->runSelect()
#6 /var/www/tastyignitor/vendor/laravel/framework/src/Illuminate/Database/Query/Builder.php(2609): Illuminate\Database\Query\Builder->Illuminate\Database\Query\{closure}()
#7 /var/www/tastyignitor/vendor/laravel/framework/src/Illuminate/Database/Query/Builder.php(2138): Illuminate\Database\Query\Builder->onceWithColumns()
#8 /var/www/tastyignitor/vendor/laravel/framework/src/Illuminate/Database/Eloquent/Builder.php(537): Illuminate\Database\Query\Builder->get()
#9 /var/www/tastyignitor/vendor/laravel/framework/src/Illuminate/Database/Eloquent/Builder.php(521): Illuminate\Database\Eloquent\Builder->getModels()
#10 /var/www/tastyignitor/vendor/laravel/framework/src/Illuminate/Database/Concerns/BuildsQueries.php(143): Illuminate\Database\Eloquent\Builder->get()
#11 /var/www/tastyignitor/app/main/traits/Validation.php(27): Illuminate\Database\Eloquent\Builder->first()
#12 /var/www/tastyignitor/app/main/controllers/Register.php(41): Main\Controllers\Register->createsubdomain_validation()
#13 /var/www/tastyignitor/vendor/laravel/framework/src/Illuminate/Routing/ControllerDispatcher.php(48): Main\Controllers\Register->subdomaincreate()
#14 /var/www/tastyignitor/vendor/laravel/framework/src/Illuminate/Routing/Route.php(219): Illuminate\Routing\ControllerDispatcher->dispatch()
#15 /var/www/tastyignitor/vendor/laravel/framework/src/Illuminate/Routing/Route.php(176): Illuminate\Routing\Route->runController()
#16 /var/www/tastyignitor/vendor/laravel/framework/src/Illuminate/Routing/Router.php(681): Illuminate\Routing\Route->run()
#17 /var/www/tastyignitor/vendor/laravel/framework/src/Illuminate/Pipeline/Pipeline.php(130): Illuminate\Routing\Router->Illuminate\Routing\{closure}()
#18 /var/www/tastyignitor/vendor/tastyigniter/flame/src/Currency/Middleware/CurrencyMiddleware.php(33): Illuminate\Pipeline\Pipeline->Illuminate\Pipeline\{closure}()
#19 /var/www/tastyignitor/vendor/laravel/framework/src/Illuminate/Pipeline/Pipeline.php(171): Igniter\Flame\Currency\Middleware\CurrencyMiddleware->handle()
#20 /var/www/tastyignitor/extensions/igniter/cart/middleware/CartMiddleware.php(10): Illuminate\Pipeline\Pipeline->Illuminate\Pipeline\{closure}()
#21 /var/www/tastyignitor/vendor/laravel/framework/src/Illuminate/Pipeline/Pipeline.php(171): Igniter\Cart\Middleware\CartMiddleware->handle()
#22 /var/www/tastyignitor/vendor/tastyigniter/flame/src/Translation/Middleware/Localization.php(40): Illuminate\Pipeline\Pipeline->Illuminate\Pipeline\{closure}()
#23 /var/www/tastyignitor/vendor/laravel/framework/src/Illuminate/Pipeline/Pipeline.php(171): Igniter\Flame\Translation\Middleware\Localization->handle()
#24 /var/www/tastyignitor/vendor/laravel/framework/src/Illuminate/Routing/Middleware/SubstituteBindings.php(41): Illuminate\Pipeline\Pipeline->Illuminate\Pipeline\{closure}()
#25 /var/www/tastyignitor/vendor/laravel/framework/src/Illuminate/Pipeline/Pipeline.php(171): Illuminate\Routing\Middleware\SubstituteBindings->handle()
#26 /var/www/tastyignitor/vendor/laravel/framework/src/Illuminate/View/Middleware/ShareErrorsFromSession.php(49): Illuminate\Pipeline\Pipeline->Illuminate\Pipeline\{closure}()
#27 /var/www/tastyignitor/vendor/laravel/framework/src/Illuminate/Pipeline/Pipeline.php(171): Illuminate\View\Middleware\ShareErrorsFromSession->handle()
#28 /var/www/tastyignitor/vendor/laravel/framework/src/Illuminate/Session/Middleware/StartSession.php(56): Illuminate\Pipeline\Pipeline->Illuminate\Pipeline\{closure}()
#29 /var/www/tastyignitor/vendor/laravel/framework/src/Illuminate/Pipeline/Pipeline.php(171): Illuminate\Session\Middleware\StartSession->handle()
#30 /var/www/tastyignitor/vendor/laravel/framework/src/Illuminate/Cookie/Middleware/AddQueuedCookiesToResponse.php(37): Illuminate\Pipeline\Pipeline->Illuminate\Pipeline\{closure}()
#31 /var/www/tastyignitor/vendor/laravel/framework/src/Illuminate/Pipeline/Pipeline.php(171): Illuminate\Cookie\Middleware\AddQueuedCookiesToResponse->handle()
#32 /var/www/tastyignitor/vendor/laravel/framework/src/Illuminate/Cookie/Middleware/EncryptCookies.php(66): Illuminate\Pipeline\Pipeline->Illuminate\Pipeline\{closure}()
#33 /var/www/tastyignitor/vendor/laravel/framework/src/Illuminate/Pipeline/Pipeline.php(171): Illuminate\Cookie\Middleware\EncryptCookies->handle()
#34 /var/www/tastyignitor/vendor/laravel/framework/src/Illuminate/Pipeline/Pipeline.php(105): Illuminate\Pipeline\Pipeline->Illuminate\Pipeline\{closure}()
#35 /var/www/tastyignitor/vendor/laravel/framework/src/Illuminate/Routing/Router.php(683): Illuminate\Pipeline\Pipeline->then()
#36 /var/www/tastyignitor/vendor/laravel/framework/src/Illuminate/Routing/Router.php(658): Illuminate\Routing\Router->runRouteWithinStack()
#37 /var/www/tastyignitor/vendor/laravel/framework/src/Illuminate/Routing/Router.php(624): Illuminate\Routing\Router->runRoute()
#38 /var/www/tastyignitor/vendor/october/rain/src/Router/CoreRouter.php(20): Illuminate\Routing\Router->dispatchToRoute()
#39 /var/www/tastyignitor/vendor/laravel/framework/src/Illuminate/Foundation/Http/Kernel.php(170): October\Rain\Router\CoreRouter->dispatch()
#40 /var/www/tastyignitor/vendor/laravel/framework/src/Illuminate/Pipeline/Pipeline.php(130): Illuminate\Foundation\Http\Kernel->Illuminate\Foundation\Http\{closure}()
#41 /var/www/tastyignitor/vendor/tastyigniter/flame/src/Setting/Middleware/SaveSetting.php(25): Illuminate\Pipeline\Pipeline->Illuminate\Pipeline\{closure}()
#42 /var/www/tastyignitor/vendor/laravel/framework/src/Illuminate/Pipeline/Pipeline.php(171): Igniter\Flame\Setting\Middleware\SaveSetting->handle()
#43 /var/www/tastyignitor/vendor/fideloper/proxy/src/TrustProxies.php(57): Illuminate\Pipeline\Pipeline->Illuminate\Pipeline\{closure}()
#44 /var/www/tastyignitor/vendor/laravel/framework/src/Illuminate/Pipeline/Pipeline.php(171): Fideloper\Proxy\TrustProxies->handle()
#45 /var/www/tastyignitor/vendor/laravel/framework/src/Illuminate/Foundation/Http/Middleware/TransformsRequest.php(21): Illuminate\Pipeline\Pipeline->Illuminate\Pipeline\{closure}()
#46 /var/www/tastyignitor/vendor/laravel/framework/src/Illuminate/Pipeline/Pipeline.php(171): Illuminate\Foundation\Http\Middleware\TransformsRequest->handle()
#47 /var/www/tastyignitor/vendor/laravel/framework/src/Illuminate/Foundation/Http/Middleware/ValidatePostSize.php(27): Illuminate\Pipeline\Pipeline->Illuminate\Pipeline\{closure}()
#48 /var/www/tastyignitor/vendor/laravel/framework/src/Illuminate/Pipeline/Pipeline.php(171): Illuminate\Foundation\Http\Middleware\ValidatePostSize->handle()
#49 /var/www/tastyignitor/vendor/laravel/framework/src/Illuminate/Foundation/Http/Middleware/CheckForMaintenanceMode.php(63): Illuminate\Pipeline\Pipeline->Illuminate\Pipeline\{closure}()
#50 /var/www/tastyignitor/vendor/laravel/framework/src/Illuminate/Pipeline/Pipeline.php(171): Illuminate\Foundation\Http\Middleware\CheckForMaintenanceMode->handle()
#51 /var/www/tastyignitor/vendor/laravel/framework/src/Illuminate/Pipeline/Pipeline.php(105): Illuminate\Pipeline\Pipeline->Illuminate\Pipeline\{closure}()
#52 /var/www/tastyignitor/vendor/laravel/framework/src/Illuminate/Foundation/Http/Kernel.php(145): Illuminate\Pipeline\Pipeline->then()
#53 /var/www/tastyignitor/vendor/laravel/framework/src/Illuminate/Foundation/Http/Kernel.php(110): Illuminate\Foundation\Http\Kernel->sendRequestThroughRouter()
#54 /var/www/tastyignitor/index.php(53): Illuminate\Foundation\Http\Kernel->handle()
#55 {main}

Next Illuminate\Database\QueryException: SQLSTATE[42S02]: Base table or view not found: 1146 Table 'tastyignitor.ti_custom_users' doesn't exist (SQL: select * from `ti_custom_users` where (`email` = test8@gmail.com and `deleted` = 0) limit 1) in /var/www/tastyignitor/vendor/laravel/framework/src/Illuminate/Database/Connection.php:669
Stack trace:
#0 /var/www/tastyignitor/vendor/laravel/framework/src/Illuminate/Database/Connection.php(629): Illuminate\Database\Connection->runQueryCallback()
#1 /var/www/tastyignitor/vendor/laravel/framework/src/Illuminate/Database/Connection.php(338): Illuminate\Database\Connection->run()
#2 /var/www/tastyignitor/vendor/laravel/framework/src/Illuminate/Database/Query/Builder.php(2149): Illuminate\Database\Connection->select()
#3 /var/www/tastyignitor/vendor/laravel/framework/src/Illuminate/Database/Query/Builder.php(2137): Illuminate\Database\Query\Builder->runSelect()
#4 /var/www/tastyignitor/vendor/laravel/framework/src/Illuminate/Database/Query/Builder.php(2609): Illuminate\Database\Query\Builder->Illuminate\Database\Query\{closure}()
#5 /var/www/tastyignitor/vendor/laravel/framework/src/Illuminate/Database/Query/Builder.php(2138): Illuminate\Database\Query\Builder->onceWithColumns()
#6 /var/www/tastyignitor/vendor/laravel/framework/src/Illuminate/Database/Eloquent/Builder.php(537): Illuminate\Database\Query\Builder->get()
#7 /var/www/tastyignitor/vendor/laravel/framework/src/Illuminate/Database/Eloquent/Builder.php(521): Illuminate\Database\Eloquent\Builder->getModels()
#8 /var/www/tastyignitor/vendor/laravel/framework/src/Illuminate/Database/Concerns/BuildsQueries.php(143): Illuminate\Database\Eloquent\Builder->get()
#9 /var/www/tastyignitor/app/main/traits/Validation.php(27): Illuminate\Database\Eloquent\Builder->first()
#10 /var/www/tastyignitor/app/main/controllers/Register.php(41): Main\Controllers\Register->createsubdomain_validation()
#11 /var/www/tastyignitor/vendor/laravel/framework/src/Illuminate/Routing/ControllerDispatcher.php(48): Main\Controllers\Register->subdomaincreate()
#12 /var/www/tastyignitor/vendor/laravel/framework/src/Illuminate/Routing/Route.php(219): Illuminate\Routing\ControllerDispatcher->dispatch()
#13 /var/www/tastyignitor/vendor/laravel/framework/src/Illuminate/Routing/Route.php(176): Illuminate\Routing\Route->runController()
#14 /var/www/tastyignitor/vendor/laravel/framework/src/Illuminate/Routing/Router.php(681): Illuminate\Routing\Route->run()
#15 /var/www/tastyignitor/vendor/laravel/framework/src/Illuminate/Pipeline/Pipeline.php(130): Illuminate\Routing\Router->Illuminate\Routing\{closure}()
#16 /var/www/tastyignitor/vendor/tastyigniter/flame/src/Currency/Middleware/CurrencyMiddleware.php(33): Illuminate\Pipeline\Pipeline->Illuminate\Pipeline\{closure}()
#17 /var/www/tastyignitor/vendor/laravel/framework/src/Illuminate/Pipeline/Pipeline.php(171): Igniter\Flame\Currency\Middleware\CurrencyMiddleware->handle()
#18 /var/www/tastyignitor/extensions/igniter/cart/middleware/CartMiddleware.php(10): Illuminate\Pipeline\Pipeline->Illuminate\Pipeline\{closure}()
#19 /var/www/tastyignitor/vendor/laravel/framework/src/Illuminate/Pipeline/Pipeline.php(171): Igniter\Cart\Middleware\CartMiddleware->handle()
#20 /var/www/tastyignitor/vendor/tastyigniter/flame/src/Translation/Middleware/Localization.php(40): Illuminate\Pipeline\Pipeline->Illuminate\Pipeline\{closure}()
#21 /var/www/tastyignitor/vendor/laravel/framework/src/Illuminate/Pipeline/Pipeline.php(171): Igniter\Flame\Translation\Middleware\Localization->handle()
#22 /var/www/tastyignitor/vendor/laravel/framework/src/Illuminate/Routing/Middleware/SubstituteBindings.php(41): Illuminate\Pipeline\Pipeline->Illuminate\Pipeline\{closure}()
#23 /var/www/tastyignitor/vendor/laravel/framework/src/Illuminate/Pipeline/Pipeline.php(171): Illuminate\Routing\Middleware\SubstituteBindings->handle()
#24 /var/www/tastyignitor/vendor/laravel/framework/src/Illuminate/View/Middleware/ShareErrorsFromSession.php(49): Illuminate\Pipeline\Pipeline->Illuminate\Pipeline\{closure}()
#25 /var/www/tastyignitor/vendor/laravel/framework/src/Illuminate/Pipeline/Pipeline.php(171): Illuminate\View\Middleware\ShareErrorsFromSession->handle()
#26 /var/www/tastyignitor/vendor/laravel/framework/src/Illuminate/Session/Middleware/StartSession.php(56): Illuminate\Pipeline\Pipeline->Illuminate\Pipeline\{closure}()
#27 /var/www/tastyignitor/vendor/laravel/framework/src/Illuminate/Pipeline/Pipeline.php(171): Illuminate\Session\Middleware\StartSession->handle()
#28 /var/www/tastyignitor/vendor/laravel/framework/src/Illuminate/Cookie/Middleware/AddQueuedCookiesToResponse.php(37): Illuminate\Pipeline\Pipeline->Illuminate\Pipeline\{closure}()
#29 /var/www/tastyignitor/vendor/laravel/framework/src/Illuminate/Pipeline/Pipeline.php(171): Illuminate\Cookie\Middleware\AddQueuedCookiesToResponse->handle()
#30 /var/www/tastyignitor/vendor/laravel/framework/src/Illuminate/Cookie/Middleware/EncryptCookies.php(66): Illuminate\Pipeline\Pipeline->Illuminate\Pipeline\{closure}()
#31 /var/www/tastyignitor/vendor/laravel/framework/src/Illuminate/Pipeline/Pipeline.php(171): Illuminate\Cookie\Middleware\EncryptCookies->handle()
#32 /var/www/tastyignitor/vendor/laravel/framework/src/Illuminate/Pipeline/Pipeline.php(105): Illuminate\Pipeline\Pipeline->Illuminate\Pipeline\{closure}()
#33 /var/www/tastyignitor/vendor/laravel/framework/src/Illuminate/Routing/Router.php(683): Illuminate\Pipeline\Pipeline->then()
#34 /var/www/tastyignitor/vendor/laravel/framework/src/Illuminate/Routing/Router.php(658): Illuminate\Routing\Router->runRouteWithinStack()
#35 /var/www/tastyignitor/vendor/laravel/framework/src/Illuminate/Routing/Router.php(624): Illuminate\Routing\Router->runRoute()
#36 /var/www/tastyignitor/vendor/october/rain/src/Router/CoreRouter.php(20): Illuminate\Routing\Router->dispatchToRoute()
#37 /var/www/tastyignitor/vendor/laravel/framework/src/Illuminate/Foundation/Http/Kernel.php(170): October\Rain\Router\CoreRouter->dispatch()
#38 /var/www/tastyignitor/vendor/laravel/framework/src/Illuminate/Pipeline/Pipeline.php(130): Illuminate\Foundation\Http\Kernel->Illuminate\Foundation\Http\{closure}()
#39 /var/www/tastyignitor/vendor/tastyigniter/flame/src/Setting/Middleware/SaveSetting.php(25): Illuminate\Pipeline\Pipeline->Illuminate\Pipeline\{closure}()
#40 /var/www/tastyignitor/vendor/laravel/framework/src/Illuminate/Pipeline/Pipeline.php(171): Igniter\Flame\Setting\Middleware\SaveSetting->handle()
#41 /var/www/tastyignitor/vendor/fideloper/proxy/src/TrustProxies.php(57): Illuminate\Pipeline\Pipeline->Illuminate\Pipeline\{closure}()
#42 /var/www/tastyignitor/vendor/laravel/framework/src/Illuminate/Pipeline/Pipeline.php(171): Fideloper\Proxy\TrustProxies->handle()
#43 /var/www/tastyignitor/vendor/laravel/framework/src/Illuminate/Foundation/Http/Middleware/TransformsRequest.php(21): Illuminate\Pipeline\Pipeline->Illuminate\Pipeline\{closure}()
#44 /var/www/tastyignitor/vendor/laravel/framework/src/Illuminate/Pipeline/Pipeline.php(171): Illuminate\Foundation\Http\Middleware\TransformsRequest->handle()
#45 /var/www/tastyignitor/vendor/laravel/framework/src/Illuminate/Foundation/Http/Middleware/ValidatePostSize.php(27): Illuminate\Pipeline\Pipeline->Illuminate\Pipeline\{closure}()
#46 /var/www/tastyignitor/vendor/laravel/framework/src/Illuminate/Pipeline/Pipeline.php(171): Illuminate\Foundation\Http\Middleware\ValidatePostSize->handle()
#47 /var/www/tastyignitor/vendor/laravel/framework/src/Illuminate/Foundation/Http/Middleware/CheckForMaintenanceMode.php(63): Illuminate\Pipeline\Pipeline->Illuminate\Pipeline\{closure}()
#48 /var/www/tastyignitor/vendor/laravel/framework/src/Illuminate/Pipeline/Pipeline.php(171): Illuminate\Foundation\Http\Middleware\CheckForMaintenanceMode->handle()
#49 /var/www/tastyignitor/vendor/laravel/framework/src/Illuminate/Pipeline/Pipeline.php(105): Illuminate\Pipeline\Pipeline->Illuminate\Pipeline\{closure}()
#50 /var/www/tastyignitor/vendor/laravel/framework/src/Illuminate/Foundation/Http/Kernel.php(145): Illuminate\Pipeline\Pipeline->then()
#51 /var/www/tastyignitor/vendor/laravel/framework/src/Illuminate/Foundation/Http/Kernel.php(110): Illuminate\Foundation\Http\Kernel->sendRequestThroughRouter()
#52 /var/www/tastyignitor/index.php(53): Illuminate\Foundation\Http\Kernel->handle()
#53 {main}  
[2020-08-30 13:32:40] development.ERROR: Symfony\Component\Debug\Exception\FatalThrowableError: Call to undefined method Main\Controllers\Register::adminlogin() in /var/www/tastyignitor/vendor/laravel/framework/src/Illuminate/Routing/ControllerDispatcher.php:48
Stack trace:
#0 /var/www/tastyignitor/vendor/laravel/framework/src/Illuminate/Routing/Route.php(219): Illuminate\Routing\ControllerDispatcher->dispatch()
#1 /var/www/tastyignitor/vendor/laravel/framework/src/Illuminate/Routing/Route.php(176): Illuminate\Routing\Route->runController()
#2 /var/www/tastyignitor/vendor/laravel/framework/src/Illuminate/Routing/Router.php(681): Illuminate\Routing\Route->run()
#3 /var/www/tastyignitor/vendor/laravel/framework/src/Illuminate/Pipeline/Pipeline.php(130): Illuminate\Routing\Router->Illuminate\Routing\{closure}()
#4 /var/www/tastyignitor/vendor/tastyigniter/flame/src/Currency/Middleware/CurrencyMiddleware.php(33): Illuminate\Pipeline\Pipeline->Illuminate\Pipeline\{closure}()
#5 /var/www/tastyignitor/vendor/laravel/framework/src/Illuminate/Pipeline/Pipeline.php(171): Igniter\Flame\Currency\Middleware\CurrencyMiddleware->handle()
#6 /var/www/tastyignitor/extensions/igniter/cart/middleware/CartMiddleware.php(10): Illuminate\Pipeline\Pipeline->Illuminate\Pipeline\{closure}()
#7 /var/www/tastyignitor/vendor/laravel/framework/src/Illuminate/Pipeline/Pipeline.php(171): Igniter\Cart\Middleware\CartMiddleware->handle()
#8 /var/www/tastyignitor/vendor/tastyigniter/flame/src/Translation/Middleware/Localization.php(40): Illuminate\Pipeline\Pipeline->Illuminate\Pipeline\{closure}()
#9 /var/www/tastyignitor/vendor/laravel/framework/src/Illuminate/Pipeline/Pipeline.php(171): Igniter\Flame\Translation\Middleware\Localization->handle()
#10 /var/www/tastyignitor/vendor/laravel/framework/src/Illuminate/Routing/Middleware/SubstituteBindings.php(41): Illuminate\Pipeline\Pipeline->Illuminate\Pipeline\{closure}()
#11 /var/www/tastyignitor/vendor/laravel/framework/src/Illuminate/Pipeline/Pipeline.php(171): Illuminate\Routing\Middleware\SubstituteBindings->handle()
#12 /var/www/tastyignitor/vendor/laravel/framework/src/Illuminate/View/Middleware/ShareErrorsFromSession.php(49): Illuminate\Pipeline\Pipeline->Illuminate\Pipeline\{closure}()
#13 /var/www/tastyignitor/vendor/laravel/framework/src/Illuminate/Pipeline/Pipeline.php(171): Illuminate\View\Middleware\ShareErrorsFromSession->handle()
#14 /var/www/tastyignitor/vendor/laravel/framework/src/Illuminate/Session/Middleware/StartSession.php(56): Illuminate\Pipeline\Pipeline->Illuminate\Pipeline\{closure}()
#15 /var/www/tastyignitor/vendor/laravel/framework/src/Illuminate/Pipeline/Pipeline.php(171): Illuminate\Session\Middleware\StartSession->handle()
#16 /var/www/tastyignitor/vendor/laravel/framework/src/Illuminate/Cookie/Middleware/AddQueuedCookiesToResponse.php(37): Illuminate\Pipeline\Pipeline->Illuminate\Pipeline\{closure}()
#17 /var/www/tastyignitor/vendor/laravel/framework/src/Illuminate/Pipeline/Pipeline.php(171): Illuminate\Cookie\Middleware\AddQueuedCookiesToResponse->handle()
#18 /var/www/tastyignitor/vendor/laravel/framework/src/Illuminate/Cookie/Middleware/EncryptCookies.php(66): Illuminate\Pipeline\Pipeline->Illuminate\Pipeline\{closure}()
#19 /var/www/tastyignitor/vendor/laravel/framework/src/Illuminate/Pipeline/Pipeline.php(171): Illuminate\Cookie\Middleware\EncryptCookies->handle()
#20 /var/www/tastyignitor/vendor/laravel/framework/src/Illuminate/Pipeline/Pipeline.php(105): Illuminate\Pipeline\Pipeline->Illuminate\Pipeline\{closure}()
#21 /var/www/tastyignitor/vendor/laravel/framework/src/Illuminate/Routing/Router.php(683): Illuminate\Pipeline\Pipeline->then()
#22 /var/www/tastyignitor/vendor/laravel/framework/src/Illuminate/Routing/Router.php(658): Illuminate\Routing\Router->runRouteWithinStack()
#23 /var/www/tastyignitor/vendor/laravel/framework/src/Illuminate/Routing/Router.php(624): Illuminate\Routing\Router->runRoute()
#24 /var/www/tastyignitor/vendor/october/rain/src/Router/CoreRouter.php(20): Illuminate\Routing\Router->dispatchToRoute()
#25 /var/www/tastyignitor/vendor/laravel/framework/src/Illuminate/Foundation/Http/Kernel.php(170): October\Rain\Router\CoreRouter->dispatch()
#26 /var/www/tastyignitor/vendor/laravel/framework/src/Illuminate/Pipeline/Pipeline.php(130): Illuminate\Foundation\Http\Kernel->Illuminate\Foundation\Http\{closure}()
#27 /var/www/tastyignitor/vendor/tastyigniter/flame/src/Setting/Middleware/SaveSetting.php(25): Illuminate\Pipeline\Pipeline->Illuminate\Pipeline\{closure}()
#28 /var/www/tastyignitor/vendor/laravel/framework/src/Illuminate/Pipeline/Pipeline.php(171): Igniter\Flame\Setting\Middleware\SaveSetting->handle()
#29 /var/www/tastyignitor/vendor/fideloper/proxy/src/TrustProxies.php(57): Illuminate\Pipeline\Pipeline->Illuminate\Pipeline\{closure}()
#30 /var/www/tastyignitor/vendor/laravel/framework/src/Illuminate/Pipeline/Pipeline.php(171): Fideloper\Proxy\TrustProxies->handle()
#31 /var/www/tastyignitor/vendor/laravel/framework/src/Illuminate/Foundation/Http/Middleware/TransformsRequest.php(21): Illuminate\Pipeline\Pipeline->Illuminate\Pipeline\{closure}()
#32 /var/www/tastyignitor/vendor/laravel/framework/src/Illuminate/Pipeline/Pipeline.php(171): Illuminate\Foundation\Http\Middleware\TransformsRequest->handle()
#33 /var/www/tastyignitor/vendor/laravel/framework/src/Illuminate/Foundation/Http/Middleware/ValidatePostSize.php(27): Illuminate\Pipeline\Pipeline->Illuminate\Pipeline\{closure}()
#34 /var/www/tastyignitor/vendor/laravel/framework/src/Illuminate/Pipeline/Pipeline.php(171): Illuminate\Foundation\Http\Middleware\ValidatePostSize->handle()
#35 /var/www/tastyignitor/vendor/laravel/framework/src/Illuminate/Foundation/Http/Middleware/CheckForMaintenanceMode.php(63): Illuminate\Pipeline\Pipeline->Illuminate\Pipeline\{closure}()
#36 /var/www/tastyignitor/vendor/laravel/framework/src/Illuminate/Pipeline/Pipeline.php(171): Illuminate\Foundation\Http\Middleware\CheckForMaintenanceMode->handle()
#37 /var/www/tastyignitor/vendor/laravel/framework/src/Illuminate/Pipeline/Pipeline.php(105): Illuminate\Pipeline\Pipeline->Illuminate\Pipeline\{closure}()
#38 /var/www/tastyignitor/vendor/laravel/framework/src/Illuminate/Foundation/Http/Kernel.php(145): Illuminate\Pipeline\Pipeline->then()
#39 /var/www/tastyignitor/vendor/laravel/framework/src/Illuminate/Foundation/Http/Kernel.php(110): Illuminate\Foundation\Http\Kernel->sendRequestThroughRouter()
#40 /var/www/tastyignitor/index.php(53): Illuminate\Foundation\Http\Kernel->handle()
#41 {main}  
[2020-08-30 13:32:40] development.ERROR: Symfony\Component\Debug\Exception\FatalThrowableError: Call to undefined method Main\Controllers\Register::adminlogin() in /var/www/tastyignitor/vendor/laravel/framework/src/Illuminate/Routing/ControllerDispatcher.php:48
Stack trace:
#0 /var/www/tastyignitor/vendor/laravel/framework/src/Illuminate/Routing/Route.php(219): Illuminate\Routing\ControllerDispatcher->dispatch()
#1 /var/www/tastyignitor/vendor/laravel/framework/src/Illuminate/Routing/Route.php(176): Illuminate\Routing\Route->runController()
#2 /var/www/tastyignitor/vendor/laravel/framework/src/Illuminate/Routing/Router.php(681): Illuminate\Routing\Route->run()
#3 /var/www/tastyignitor/vendor/laravel/framework/src/Illuminate/Pipeline/Pipeline.php(130): Illuminate\Routing\Router->Illuminate\Routing\{closure}()
#4 /var/www/tastyignitor/vendor/tastyigniter/flame/src/Currency/Middleware/CurrencyMiddleware.php(33): Illuminate\Pipeline\Pipeline->Illuminate\Pipeline\{closure}()
#5 /var/www/tastyignitor/vendor/laravel/framework/src/Illuminate/Pipeline/Pipeline.php(171): Igniter\Flame\Currency\Middleware\CurrencyMiddleware->handle()
#6 /var/www/tastyignitor/extensions/igniter/cart/middleware/CartMiddleware.php(10): Illuminate\Pipeline\Pipeline->Illuminate\Pipeline\{closure}()
#7 /var/www/tastyignitor/vendor/laravel/framework/src/Illuminate/Pipeline/Pipeline.php(171): Igniter\Cart\Middleware\CartMiddleware->handle()
#8 /var/www/tastyignitor/vendor/tastyigniter/flame/src/Translation/Middleware/Localization.php(40): Illuminate\Pipeline\Pipeline->Illuminate\Pipeline\{closure}()
#9 /var/www/tastyignitor/vendor/laravel/framework/src/Illuminate/Pipeline/Pipeline.php(171): Igniter\Flame\Translation\Middleware\Localization->handle()
#10 /var/www/tastyignitor/vendor/laravel/framework/src/Illuminate/Routing/Middleware/SubstituteBindings.php(41): Illuminate\Pipeline\Pipeline->Illuminate\Pipeline\{closure}()
#11 /var/www/tastyignitor/vendor/laravel/framework/src/Illuminate/Pipeline/Pipeline.php(171): Illuminate\Routing\Middleware\SubstituteBindings->handle()
#12 /var/www/tastyignitor/vendor/laravel/framework/src/Illuminate/View/Middleware/ShareErrorsFromSession.php(49): Illuminate\Pipeline\Pipeline->Illuminate\Pipeline\{closure}()
#13 /var/www/tastyignitor/vendor/laravel/framework/src/Illuminate/Pipeline/Pipeline.php(171): Illuminate\View\Middleware\ShareErrorsFromSession->handle()
#14 /var/www/tastyignitor/vendor/laravel/framework/src/Illuminate/Session/Middleware/StartSession.php(56): Illuminate\Pipeline\Pipeline->Illuminate\Pipeline\{closure}()
#15 /var/www/tastyignitor/vendor/laravel/framework/src/Illuminate/Pipeline/Pipeline.php(171): Illuminate\Session\Middleware\StartSession->handle()
#16 /var/www/tastyignitor/vendor/laravel/framework/src/Illuminate/Cookie/Middleware/AddQueuedCookiesToResponse.php(37): Illuminate\Pipeline\Pipeline->Illuminate\Pipeline\{closure}()
#17 /var/www/tastyignitor/vendor/laravel/framework/src/Illuminate/Pipeline/Pipeline.php(171): Illuminate\Cookie\Middleware\AddQueuedCookiesToResponse->handle()
#18 /var/www/tastyignitor/vendor/laravel/framework/src/Illuminate/Cookie/Middleware/EncryptCookies.php(66): Illuminate\Pipeline\Pipeline->Illuminate\Pipeline\{closure}()
#19 /var/www/tastyignitor/vendor/laravel/framework/src/Illuminate/Pipeline/Pipeline.php(171): Illuminate\Cookie\Middleware\EncryptCookies->handle()
#20 /var/www/tastyignitor/vendor/laravel/framework/src/Illuminate/Pipeline/Pipeline.php(105): Illuminate\Pipeline\Pipeline->Illuminate\Pipeline\{closure}()
#21 /var/www/tastyignitor/vendor/laravel/framework/src/Illuminate/Routing/Router.php(683): Illuminate\Pipeline\Pipeline->then()
#22 /var/www/tastyignitor/vendor/laravel/framework/src/Illuminate/Routing/Router.php(658): Illuminate\Routing\Router->runRouteWithinStack()
#23 /var/www/tastyignitor/vendor/laravel/framework/src/Illuminate/Routing/Router.php(624): Illuminate\Routing\Router->runRoute()
#24 /var/www/tastyignitor/vendor/october/rain/src/Router/CoreRouter.php(20): Illuminate\Routing\Router->dispatchToRoute()
#25 /var/www/tastyignitor/vendor/laravel/framework/src/Illuminate/Foundation/Http/Kernel.php(170): October\Rain\Router\CoreRouter->dispatch()
#26 /var/www/tastyignitor/vendor/laravel/framework/src/Illuminate/Pipeline/Pipeline.php(130): Illuminate\Foundation\Http\Kernel->Illuminate\Foundation\Http\{closure}()
#27 /var/www/tastyignitor/vendor/tastyigniter/flame/src/Setting/Middleware/SaveSetting.php(25): Illuminate\Pipeline\Pipeline->Illuminate\Pipeline\{closure}()
#28 /var/www/tastyignitor/vendor/laravel/framework/src/Illuminate/Pipeline/Pipeline.php(171): Igniter\Flame\Setting\Middleware\SaveSetting->handle()
#29 /var/www/tastyignitor/vendor/fideloper/proxy/src/TrustProxies.php(57): Illuminate\Pipeline\Pipeline->Illuminate\Pipeline\{closure}()
#30 /var/www/tastyignitor/vendor/laravel/framework/src/Illuminate/Pipeline/Pipeline.php(171): Fideloper\Proxy\TrustProxies->handle()
#31 /var/www/tastyignitor/vendor/laravel/framework/src/Illuminate/Foundation/Http/Middleware/TransformsRequest.php(21): Illuminate\Pipeline\Pipeline->Illuminate\Pipeline\{closure}()
#32 /var/www/tastyignitor/vendor/laravel/framework/src/Illuminate/Pipeline/Pipeline.php(171): Illuminate\Foundation\Http\Middleware\TransformsRequest->handle()
#33 /var/www/tastyignitor/vendor/laravel/framework/src/Illuminate/Foundation/Http/Middleware/ValidatePostSize.php(27): Illuminate\Pipeline\Pipeline->Illuminate\Pipeline\{closure}()
#34 /var/www/tastyignitor/vendor/laravel/framework/src/Illuminate/Pipeline/Pipeline.php(171): Illuminate\Foundation\Http\Middleware\ValidatePostSize->handle()
#35 /var/www/tastyignitor/vendor/laravel/framework/src/Illuminate/Foundation/Http/Middleware/CheckForMaintenanceMode.php(63): Illuminate\Pipeline\Pipeline->Illuminate\Pipeline\{closure}()
#36 /var/www/tastyignitor/vendor/laravel/framework/src/Illuminate/Pipeline/Pipeline.php(171): Illuminate\Foundation\Http\Middleware\CheckForMaintenanceMode->handle()
#37 /var/www/tastyignitor/vendor/laravel/framework/src/Illuminate/Pipeline/Pipeline.php(105): Illuminate\Pipeline\Pipeline->Illuminate\Pipeline\{closure}()
#38 /var/www/tastyignitor/vendor/laravel/framework/src/Illuminate/Foundation/Http/Kernel.php(145): Illuminate\Pipeline\Pipeline->then()
#39 /var/www/tastyignitor/vendor/laravel/framework/src/Illuminate/Foundation/Http/Kernel.php(110): Illuminate\Foundation\Http\Kernel->sendRequestThroughRouter()
#40 /var/www/tastyignitor/index.php(53): Illuminate\Foundation\Http\Kernel->handle()
#41 {main}  
